16:15:43 **** Build of configuration Nios II for project usb ****
make all 
Info: Building ../usb_kb_bsp/
C:/intelFPGA_lite/18.1/nios2eds/bin/gnu/H-x86_64-mingw32/bin/make --no-print-directory -C ../usb_kb_bsp/
[BSP build complete]
[usb_kb build complete]
16:15:44 **** Build of configuration Nios II for project usb_bsp ****
make all 
[BSP build complete]
16:15:45 **** Build of configuration Nios II for project vga ****
make all 
Info: Building ../vga_color_1_bsp/
C:/intelFPGA_lite/18.1/nios2eds/bin/gnu/H-x86_64-mingw32/bin/make --no-print-directory -C ../vga_color_1_bsp/
[BSP build complete]
[vga_color_1 build complete]
16:15:45 **** Build of configuration Nios II for project vga_bsp ****
make all 
[BSP build complete]
16:15:55 **** Incremental Build of configuration Nios II for project vga ****
make all 
Info: Building ../vga_color_1_bsp/
C:/intelFPGA_lite/18.1/nios2eds/bin/gnu/H-x86_64-mingw32/bin/make --no-print-directory -C ../vga_color_1_bsp/
[BSP build complete]
[vga_color_1 build complete]
